\BOOKMARK [0][-]{section*.2}{\376\377\000L\036\334\000I\000\040\000C\036\242\000M\000\040\001\240\000N}{}% 1
\BOOKMARK [0][-]{section*.4}{\376\377\000T\000\323\000M\000\040\000T\036\256\000T}{}% 2
\BOOKMARK [0][-]{section*.6}{\376\377\000A\000B\000S\000T\000R\000A\000C\000T}{}% 3
\BOOKMARK [0][-]{section*.8}{\376\377\000N\000H\036\254\000N\000\040\000X\000\311\000T\000\040\000C\036\346\000A\000\040\000G\000I\036\242\000N\000G\000\040\000V\000I\000\312\000N}{}% 4
\BOOKMARK [0][-]{section*.10}{\376\377\000D\000A\000N\000H\000\040\000M\036\344\000C\000\040\000H\000\314\000N\000H\000\040\036\242\000N\000H}{}% 5
\BOOKMARK [0][-]{section*.12}{\376\377\000D\000A\000N\000H\000\040\000M\036\344\000C\000\040\000B\036\242\000N\000G\000\040\000B\000I\036\302\000U}{}% 6
\BOOKMARK [0][-]{section*.15}{\376\377\000D\000A\000N\000H\000\040\000M\036\344\000C\000\040\000V\000I\036\276\000T\000\040\000T\036\256\000T}{}% 7
\BOOKMARK [0][-]{chapter.1}{\376\377\000G\000I\036\332\000I\000\040\000T\000H\000I\036\306\000U\000\040\000V\036\244\000N\000\040\001\020\036\300}{}% 8
\BOOKMARK [1][-]{section.1.1}{\376\377\001\020\036\267\000t\000\040\000v\036\245\000n\000\040\001\021\036\301}{chapter.1}% 9
\BOOKMARK [1][-]{section.1.2}{\376\377\000L\036\313\000c\000h\000\040\000s\036\355\000\040\000g\000i\036\243\000i\000\040\000q\000u\000y\036\277\000t\000\040\000v\036\245\000n\000\040\001\021\036\301}{chapter.1}% 10
\BOOKMARK [1][-]{section.1.3}{\376\377\000M\036\345\000c\000\040\000t\000i\000\352\000u\000\040\001\021\036\301\000\040\000t\000\340\000i}{chapter.1}% 11
\BOOKMARK [1][-]{section.1.4}{\376\377\001\020\000\363\000n\000g\000\040\000g\000\363\000p\000\040\000c\036\347\000a\000\040\001\021\036\301\000\040\000t\000\340\000i}{chapter.1}% 12
\BOOKMARK [1][-]{section.1.5}{\376\377\000P\000h\036\241\000m\000\040\000v\000i\000\040\001\021\036\301\000\040\000t\000\340\000i}{chapter.1}% 13
\BOOKMARK [1][-]{section.1.6}{\376\377\000C\036\245\000u\000\040\000t\000r\000\372\000c\000\040\000b\000\341\000o\000\040\000c\000\341\000o}{chapter.1}% 14
\BOOKMARK [0][-]{chapter.2}{\376\377\000C\001\240\000\040\000S\036\336\000\040\000L\000\335\000\040\000T\000H\000U\000Y\036\276\000T}{}% 15
\BOOKMARK [1][-]{section.2.1}{\376\377\000G\000i\036\333\000i\000\040\000t\000h\000i\036\307\000u\000\040\000c\001\241\000\040\000b\036\243\000n\000\040\000v\036\301\000\040\000G\000e\000n\000e\000r\000a\000t\000i\000v\000e\000\040\000A\000I\000\040\000v\000\340\000\040\000D\000i\000f\000f\000u\000s\000i\000o\000n\000\040\000M\000o\000d\000e\000l\000s}{chapter.2}% 16
\BOOKMARK [1][-]{section.2.2}{\376\377\000K\000i\036\277\000n\000\040\000t\000r\000\372\000c\000\040\000h\036\315\000c\000\040\000s\000\342\000u\000\040\000S\000t\000a\000b\000l\000e\000\040\000D\000i\000f\000f\000u\000s\000i\000o\000n}{chapter.2}% 17
\BOOKMARK [2][-]{subsection.2.2.1}{\376\377\000C\001\241\000\040\000c\000h\036\277\000\040\000n\000\351\000n\000\040\000t\000i\036\301\000m\000\040\036\251\000n\000\040\000\050\000V\000a\000r\000i\000a\000t\000i\000o\000n\000a\000l\000\040\000A\000u\000t\000o\000e\000n\000c\000o\000d\000e\000r\000\040\040\023\000\040\000V\000A\000E\000\051}{section.2.2}% 18
\BOOKMARK [2][-]{subsection.2.2.2}{\376\377\000M\036\241\000n\000g\000\040\000U\000-\000N\000e\000t\000\040\000d\036\361\000\040\001\021\000o\000\341\000n\000\040\000n\000h\000i\036\305\000u}{section.2.2}% 19
\BOOKMARK [1][-]{section.2.3}{\376\377\000K\036\371\000\040\000t\000h\000u\036\255\000t\000\040\001\021\000i\036\301\000u\000\040\000k\000h\000i\036\303\000n\000\040\000b\036\325\000\040\000t\000r\036\343}{chapter.2}% 20
\BOOKMARK [1][-]{section.2.4}{\376\377\000C\000\341\000c\000\040\000m\000\364\000\040\000h\000\354\000n\000h\000\040\000n\000h\036\255\000n\000\040\000d\000i\036\307\000n\000\040\000v\000\340\000\040\000p\000h\000\342\000n\000\040\000t\000\355\000c\000h\000\040\000k\000h\000u\000\364\000n\000\040\000m\036\267\000t}{chapter.2}% 21
\BOOKMARK [1][-]{section.2.5}{\376\377\000K\036\371\000\040\000t\000h\000u\036\255\000t\000\040\000c\000h\000u\036\251\000n\000\040\000h\000\363\000a\000\040\000v\000\340\000\040\000c\001\003\000n\000\040\000c\000h\036\311\000n\000h\000\040\000k\000h\000u\000\364\000n\000\040\000m\036\267\000t}{chapter.2}% 22
\BOOKMARK [1][-]{section.2.6}{\376\377\000P\000h\000\342\000n\000\040\001\021\000o\036\241\000n\000\040\000n\000g\036\357\000\040\000n\000g\000h\001\051\000a\000\040\000v\036\333\000i\000\040\000S\000e\000g\000F\000o\000r\000m\000e\000r}{chapter.2}% 23
\BOOKMARK [1][-]{section.2.7}{\376\377\000C\000\364\000n\000g\000\040\000n\000g\000h\036\307\000\040\000t\000r\000i\036\303\000n\000\040\000k\000h\000a\000i\000\040\036\351\000n\000g\000\040\000d\036\345\000n\000g}{chapter.2}% 24
\BOOKMARK [1][-]{section.2.8}{\376\377\000C\000\341\000c\000\040\000n\000g\000h\000i\000\352\000n\000\040\000c\036\351\000u\000\040\000l\000i\000\352\000n\000\040\000q\000u\000a\000n}{chapter.2}% 25
\BOOKMARK [0][-]{chapter.3}{\376\377\000P\000H\000\302\000N\000\040\000T\000\315\000C\000H\000\040\000V\000\300\000\040\000T\000H\000I\036\276\000T\000\040\000K\036\276}{}% 26
\BOOKMARK [1][-]{section.3.1}{\376\377\000K\000i\036\277\000n\000\040\000t\000r\000\372\000c\000\040\000t\036\325\000n\000g\000\040\000t\000h\036\303\000\040\000h\036\307\000\040\000t\000h\036\321\000n\000g}{chapter.3}% 27
\BOOKMARK [2][-]{subsection.3.1.1}{\376\377\000C\001\241\000\040\000c\000h\036\277\000\040\001\021\000i\036\301\000u\000\040\000k\000i\036\307\000n\000\040\000k\000\351\000p}{section.3.1}% 28
\BOOKMARK [1][-]{section.3.2}{\376\377\000T\000h\000i\036\277\000t\000\040\000k\036\277\000\040\000c\000\341\000c\000\040\000m\000\364\000-\001\021\000u\000n\000\040\000x\036\355\000\040\000l\000\375}{chapter.3}% 29
\BOOKMARK [2][-]{subsection.3.2.1}{\376\377\000F\000a\000c\000e\000I\000n\000f\000o\000S\000e\000r\000v\000i\000c\000e\000\040\040\023\000\040\000P\000h\000\341\000t\000\040\000h\000i\036\307\000n\000\040\000v\000\340\000\040\000p\000h\000\342\000n\000\040\000t\000\355\000c\000h\000\040\000k\000h\000u\000\364\000n\000\040\000m\036\267\000t}{section.3.2}% 30
\BOOKMARK [2][-]{subsection.3.2.2}{\376\377\000F\000a\000c\000e\000N\000o\000r\000m\000a\000l\000i\000z\000a\000t\000i\000o\000n\000S\000e\000r\000v\000i\000c\000e\000\040\040\023\000\040\000C\000h\000u\036\251\000n\000\040\000h\000\363\000a\000\040\000v\000\340\000\040\000c\036\257\000t\000\040\036\243\000n\000h\000\040\000k\000h\000u\000\364\000n\000\040\000m\036\267\000t}{section.3.2}% 31
\BOOKMARK [2][-]{subsection.3.2.3}{\376\377\000S\000e\000g\000m\000e\000n\000t\000a\000t\000i\000o\000n\000S\000e\000r\000v\000i\000c\000e\000\040\040\023\000\040\000P\000h\000\342\000n\000\040\001\021\000o\036\241\000n\000\040\000n\000g\036\357\000\040\000n\000g\000h\001\051\000a}{section.3.2}% 32
\BOOKMARK [2][-]{subsection.3.2.4}{\376\377\000K\036\371\000\040\000t\000h\000u\036\255\000t\000\040\000m\036\267\000t\000\040\000n\036\241\000\040\001\021\036\331\000n\000g}{section.3.2}% 33
\BOOKMARK [2][-]{subsection.3.2.5}{\376\377\000H\000a\000i\000r\000D\000i\000f\000f\000u\000s\000i\000o\000n\000S\000e\000r\000v\000i\000c\000e\000\040\040\023\000\040\000S\000u\000y\000\040\000l\000u\036\255\000n\000\040\000D\000i\000f\000f\000u\000s\000i\000o\000n}{section.3.2}% 34
\BOOKMARK [2][-]{subsection.3.2.6}{\376\377\000H\000a\000i\000r\000C\000o\000l\000o\000r\000S\000e\000r\000v\000i\000c\000e\000\040\040\023\000\040\001\020\036\325\000i\000\040\000m\000\340\000u\000\040\000t\000\363\000c}{section.3.2}% 35
\BOOKMARK [1][-]{section.3.3}{\376\377\000T\000h\000i\036\277\000t\000\040\000k\036\277\000\040\000l\000u\036\323\000n\000g\000\040\036\351\000n\000g\000\040\000d\036\345\000n\000g\000\040\000b\036\245\000t\000\040\001\021\036\323\000n\000g\000\040\000b\036\331}{chapter.3}% 36
\BOOKMARK [1][-]{section.3.4}{\376\377\000T\000h\000i\036\277\000t\000\040\000k\036\277\000\040\000A\000P\000I\000\040\000R\000E\000S\000T\000f\000u\000l}{chapter.3}% 37
\BOOKMARK [0][-]{chapter.4}{\376\377\000T\000R\000I\036\302\000N\000\040\000K\000H\000A\000I\000\040\036\350\000N\000G\000\040\000D\036\344\000N\000G}{}% 38
\BOOKMARK [1][-]{section.4.1}{\376\377\000Y\000\352\000u\000\040\000c\036\247\000u\000\040\000h\036\307\000\040\000t\000h\036\321\000n\000g}{chapter.4}% 39
\BOOKMARK [2][-]{subsection.4.1.1}{\376\377\000Y\000\352\000u\000\040\000c\036\247\000u\000\040\000p\000h\036\247\000n\000\040\000c\036\351\000n\000g}{section.4.1}% 40
\BOOKMARK [2][-]{subsection.4.1.2}{\376\377\000Y\000\352\000u\000\040\000c\036\247\000u\000\040\000p\000h\036\247\000n\000\040\000m\036\301\000m}{section.4.1}% 41
\BOOKMARK [1][-]{section.4.2}{\376\377\000C\036\245\000u\000\040\000t\000r\000\372\000c\000\040\000t\000h\001\260\000\040\000m\036\345\000c\000\040\000d\036\361\000\040\000\341\000n}{chapter.4}% 42
\BOOKMARK [1][-]{section.4.3}{\376\377\000T\000r\000i\036\303\000n\000\040\000k\000h\000a\000i\000\040\000B\000a\000c\000k\000e\000n\000d}{chapter.4}% 43
\BOOKMARK [2][-]{subsection.4.3.1}{\376\377\000C\036\245\000u\000\040\000h\000\354\000n\000h\000\040\000v\000\340\000\040\000k\000h\036\337\000i\000\040\000t\036\241\000o}{section.4.3}% 44
\BOOKMARK [2][-]{subsection.4.3.2}{\376\377\000T\000r\000i\036\303\000n\000\040\000k\000h\000a\000i\000\040\000h\000\340\000n\000g\000\040\001\021\036\343\000i\000\040\000t\000\341\000c\000\040\000v\036\345}{section.4.3}% 45
\BOOKMARK [2][-]{subsection.4.3.3}{\376\377\000C\001\241\000\040\000c\000h\036\277\000\040\000c\000\341\000c\000h\000\040\000l\000y\000\040\000t\000i\036\277\000n\000\040\000t\000r\000\354\000n\000h\000\040\000G\000P\000U}{section.4.3}% 46
\BOOKMARK [1][-]{section.4.4}{\376\377\000T\000r\000i\036\303\000n\000\040\000k\000h\000a\000i\000\040\000F\000r\000o\000n\000t\000e\000n\000d}{chapter.4}% 47
\BOOKMARK [2][-]{subsection.4.4.1}{\376\377\000K\000i\036\277\000n\000\040\000t\000r\000\372\000c\000\040\000g\000i\000a\000o\000\040\000d\000i\036\307\000n}{section.4.4}% 48
\BOOKMARK [2][-]{subsection.4.4.2}{\376\377\000G\000i\000a\000o\000\040\000t\000i\036\277\000p\000\040\000v\036\333\000i\000\040\000B\000a\000c\000k\000e\000n\000d}{section.4.4}% 49
\BOOKMARK [1][-]{section.4.5}{\376\377\000T\000r\000i\036\303\000n\000\040\000k\000h\000a\000i\000\040\000b\036\261\000n\000g\000\040\000D\000o\000c\000k\000e\000r}{chapter.4}% 50
\BOOKMARK [2][-]{subsection.4.5.1}{\376\377\000K\000i\036\277\000n\000\040\000t\000r\000\372\000c\000\040\000c\000o\000n\000t\000a\000i\000n\000e\000r}{section.4.5}% 51
\BOOKMARK [2][-]{subsection.4.5.2}{\376\377\000C\036\245\000u\000\040\000h\000\354\000n\000h\000\040\000N\000g\000i\000n\000x}{section.4.5}% 52
\BOOKMARK [2][-]{subsection.4.5.3}{\376\377\000Q\000u\000y\000\040\000t\000r\000\354\000n\000h\000\040\000t\000r\000i\036\303\000n\000\040\000k\000h\000a\000i\000\040\000D\000o\000c\000k\000e\000r}{section.4.5}% 53
\BOOKMARK [1][-]{section.4.6}{\376\377\000T\000r\000i\036\303\000n\000\040\000k\000h\000a\000i\000\040\000c\000h\036\241\000y\000\040\000t\000r\036\361\000c\000\040\000t\000i\036\277\000p\000\040\000\050\000L\000o\000c\000a\000l\000\051}{chapter.4}% 54
\BOOKMARK [1][-]{section.4.7}{\376\377\000Q\000u\036\243\000n\000\040\000l\000\375\000\040\000M\000o\000d\000e\000l\000\040\000W\000e\000i\000g\000h\000t\000s}{chapter.4}% 55
\BOOKMARK [1][-]{section.4.8}{\376\377\000T\000r\000i\036\303\000n\000\040\000k\000h\000a\000i\000\040\000h\000u\036\245\000n\000\040\000l\000u\000y\036\307\000n\000\040\000t\000r\000\352\000n\000\040\000G\000o\000o\000g\000l\000e\000\040\000C\000o\000l\000a\000b}{chapter.4}% 56
\BOOKMARK [2][-]{subsection.4.8.1}{\376\377\000T\000h\000i\036\277\000t\000\040\000l\036\255\000p\000\040\000m\000\364\000i\000\040\000t\000r\001\260\036\335\000n\000g\000\040\000v\000\340\000\040\000c\036\245\000u\000\040\000h\000\354\000n\000h\000\040\000I\000/\000O}{section.4.8}% 57
\BOOKMARK [2][-]{subsection.4.8.2}{\376\377\000Q\000u\036\243\000n\000\040\000l\000\375\000\040\000b\036\331\000\040\000n\000h\036\333\000\040\000\050\000V\000R\000A\000M\000\040\000M\000a\000n\000a\000g\000e\000m\000e\000n\000t\000\051}{section.4.8}% 58
\BOOKMARK [2][-]{subsection.4.8.3}{\376\377\000C\001\241\000\040\000c\000h\036\277\000\040\000s\000a\000o\000\040\000l\001\260\000u\000\040\000l\000i\000n\000h\000\040\000h\000o\036\241\000t\000\040\000\050\000C\000h\000e\000c\000k\000p\000o\000i\000n\000t\000\040\000F\000a\000l\000l\000b\000a\000c\000k\000\051}{section.4.8}% 59
\BOOKMARK [0][-]{chapter.5}{\376\377\000C\000H\036\240\000Y\000\040\000T\000H\036\354\000\040\000N\000G\000H\000I\036\306\000M\000\040\000V\000\300\000\040\001\020\000\301\000N\000H\000\040\000G\000I\000\301}{}% 60
\BOOKMARK [1][-]{section.5.1}{\376\377\000Q\000u\000y\000\040\000t\000r\000\354\000n\000h\000\040\000c\000h\036\241\000y\000\040\000t\000h\036\355\000\040\000n\000g\000h\000i\036\307\000m\000\040\000h\036\307\000\040\000t\000h\036\321\000n\000g}{chapter.5}% 61
\BOOKMARK [1][-]{section.5.2}{\376\377\000C\000\341\000c\000\040\000b\001\260\036\333\000c\000\040\000v\036\255\000n\000\040\000h\000\340\000n\000h\000\040\000c\000h\000\355\000n\000h}{chapter.5}% 62
\BOOKMARK [1][-]{section.5.3}{\376\377\000N\036\331\000i\000\040\000d\000u\000n\000g\000\040\001\021\000\341\000n\000h\000\040\000g\000i\000\341}{chapter.5}% 63
\BOOKMARK [2][-]{subsection.5.3.1}{\376\377\000K\036\313\000c\000h\000\040\000b\036\243\000n\000\040\000k\000i\036\303\000m\000\040\000t\000h\036\355}{section.5.3}% 64
\BOOKMARK [2][-]{subsection.5.3.2}{\376\377\001\020\000\341\000n\000h\000\040\000g\000i\000\341\000\040\000k\000h\036\243\000\040\000n\001\003\000n\000g\000\040\000v\036\255\000n\000\040\000h\000\340\000n\000h}{section.5.3}% 65
\BOOKMARK [2][-]{subsection.5.3.3}{\376\377\001\020\000\341\000n\000h\000\040\000g\000i\000\341\000\040\000c\000h\036\245\000t\000\040\000l\001\260\036\343\000n\000g\000\040\000k\036\277\000t\000\040\000q\000u\036\243}{section.5.3}% 66
\BOOKMARK [2][-]{subsection.5.3.4}{\376\377\001\020\000\341\000n\000h\000\040\000g\000i\000\341\000\040\000b\000e\000n\000c\000h\000m\000a\000r\000k\000\040\000t\000r\000\352\000n\000\040\000e\000v\000a\000l\000\040\000s\000e\000t}{section.5.3}% 67
\BOOKMARK [2][-]{subsection.5.3.5}{\376\377\001\020\000\341\000n\000h\000\040\000g\000i\000\341\000\040\000q\000u\000\341\000\040\000t\000r\000\354\000n\000h\000\040\000h\000u\036\245\000n\000\040\000l\000u\000y\036\307\000n\000\040\000\050\000T\000r\000a\000i\000n\000i\000n\000g\000\040\000M\000e\000t\000r\000i\000c\000s\000\051}{section.5.3}% 68
\BOOKMARK [1][-]{section.5.4}{\376\377\000M\000i\000n\000h\000\040\000h\036\315\000a\000\040\000k\036\277\000t\000\040\000q\000u\036\243\000\040\000c\000h\036\241\000y\000\040\000t\000h\036\355}{chapter.5}% 69
\BOOKMARK [1][-]{section.5.5}{\376\377\000B\036\243\000n\000g\000\040\000t\036\325\000n\000g\000\040\000h\036\343\000p\000\040\001\021\000\341\000n\000h\000\040\000g\000i\000\341}{chapter.5}% 70
\BOOKMARK [0][-]{chapter.6}{\376\377\000T\036\324\000N\000G\000\040\000K\036\276\000T}{}% 71
\BOOKMARK [1][-]{section.6.1}{\376\377\000K\036\277\000t\000\040\000q\000u\036\243\000\040\001\021\036\241\000t\000\040\001\021\001\260\036\343\000c}{chapter.6}% 72
\BOOKMARK [1][-]{section.6.2}{\376\377\001\020\000\341\000n\000h\000\040\000g\000i\000\341\000\040\001\260\000u\000\040\000v\000\340\000\040\000n\000h\001\260\036\343\000c\000\040\001\021\000i\036\303\000m\000\040\000h\036\307\000\040\000t\000h\036\321\000n\000g}{chapter.6}% 73
\BOOKMARK [2][-]{subsection.6.2.1}{\376\377\001\257\000u\000\040\001\021\000i\036\303\000m\000\040\000n\036\325\000i\000\040\000b\036\255\000t}{section.6.2}% 74
\BOOKMARK [2][-]{subsection.6.2.2}{\376\377\000H\036\241\000n\000\040\000c\000h\036\277\000\040\000t\036\323\000n\000\040\001\021\036\315\000n\000g}{section.6.2}% 75
\BOOKMARK [1][-]{section.6.3}{\376\377\000H\001\260\036\333\000n\000g\000\040\000p\000h\000\341\000t\000\040\000t\000r\000i\036\303\000n}{chapter.6}% 76
\BOOKMARK [0][-]{section*.16}{\376\377\000T\000\300\000I\000\040\000L\000I\036\306\000U\000\040\000T\000H\000A\000M\000\040\000K\000H\036\242\000O}{}% 77
